
Gurobi 6.0.4 (win64) logging started 03/24/16 11:18:23

Optimize a model with 97836 rows, 95100 columns and 282192 nonzeros
Coefficient statistics:
  Matrix range    [1e+00, 1e+00]
  Objective range [3e-02, 1e-01]
  Bounds range    [0e+00, 0e+00]
  RHS range       [1e+00, 2e+01]
Presolve removed 90638 rows and 67774 columns
Presolve time: 1.17s
Presolved: 7198 rows, 27326 columns, 74485 nonzeros
Variable types: 0 continuous, 27326 integer (950 binary)

Root relaxation: objective 6.876400e+03, 19140 iterations, 1.50 seconds

    Nodes    |    Current Node    |     Objective Bounds      |     Work
 Expl Unexpl |  Obj  Depth IntInf | Incumbent    BestBd   Gap | It/Node Time

*    0     0               0    6876.4000000 6876.40000  0.00%     -    3s

Explored 0 nodes (19985 simplex iterations) in 3.69 seconds
Thread count was 2 (of 4 available processors)

Optimal solution found (tolerance 1.00e-04)
Best objective 6.876400000000e+03, best bound 6.876400000000e+03, gap 0.0%

Gurobi 6.0.4 (win64) logging started 03/24/16 11:19:33

Optimize a model with 97836 rows, 95100 columns and 282192 nonzeros
Coefficient statistics:
  Matrix range    [1e+00, 1e+00]
  Objective range [3e-02, 1e-01]
  Bounds range    [0e+00, 0e+00]
  RHS range       [1e+00, 2e+01]
Presolve removed 90638 rows and 67774 columns
Presolve time: 1.11s
Presolved: 7198 rows, 27326 columns, 74485 nonzeros
Variable types: 0 continuous, 27326 integer (950 binary)

Root relaxation: objective 6.876400e+03, 19140 iterations, 1.51 seconds

    Nodes    |    Current Node    |     Objective Bounds      |     Work
 Expl Unexpl |  Obj  Depth IntInf | Incumbent    BestBd   Gap | It/Node Time

*    0     0               0    6876.4000000 6876.40000  0.00%     -    3s

Explored 0 nodes (19985 simplex iterations) in 3.59 seconds
Thread count was 2 (of 4 available processors)

Optimal solution found (tolerance 1.00e-04)
Best objective 6.876400000000e+03, best bound 6.876400000000e+03, gap 0.0%

Gurobi 6.0.4 (win64) logging started 03/24/16 11:55:12

Optimize a model with 97836 rows, 95100 columns and 282192 nonzeros
Coefficient statistics:
  Matrix range    [1e+00, 1e+00]
  Objective range [3e-02, 1e-01]
  Bounds range    [0e+00, 0e+00]
  RHS range       [1e+00, 2e+01]
Presolve removed 90638 rows and 67774 columns
Presolve time: 1.12s
Presolved: 7198 rows, 27326 columns, 74485 nonzeros
Variable types: 0 continuous, 27326 integer (950 binary)

Root relaxation: objective 6.876400e+03, 19140 iterations, 1.50 seconds

    Nodes    |    Current Node    |     Objective Bounds      |     Work
 Expl Unexpl |  Obj  Depth IntInf | Incumbent    BestBd   Gap | It/Node Time

*    0     0               0    6876.4000000 6876.40000  0.00%     -    3s

Explored 0 nodes (19985 simplex iterations) in 3.62 seconds
Thread count was 2 (of 4 available processors)

Optimal solution found (tolerance 1.00e-04)
Best objective 6.876400000000e+03, best bound 6.876400000000e+03, gap 0.0%

Gurobi 6.0.4 (win64) logging started 03/24/16 17:09:47

Optimize a model with 97836 rows, 95100 columns and 282192 nonzeros
Coefficient statistics:
  Matrix range    [1e+00, 1e+00]
  Objective range [3e-02, 1e-01]
  Bounds range    [0e+00, 0e+00]
  RHS range       [1e+00, 2e+01]
Presolve removed 90638 rows and 67774 columns
Presolve time: 1.13s
Presolved: 7198 rows, 27326 columns, 74485 nonzeros
Variable types: 0 continuous, 27326 integer (950 binary)

Root relaxation: objective 6.876400e+03, 19140 iterations, 1.49 seconds

    Nodes    |    Current Node    |     Objective Bounds      |     Work
 Expl Unexpl |  Obj  Depth IntInf | Incumbent    BestBd   Gap | It/Node Time

*    0     0               0    6876.4000000 6876.40000  0.00%     -    3s

Explored 0 nodes (19985 simplex iterations) in 3.61 seconds
Thread count was 2 (of 4 available processors)

Optimal solution found (tolerance 1.00e-04)
Best objective 6.876400000000e+03, best bound 6.876400000000e+03, gap 0.0%

Gurobi 6.0.4 (win64) logging started 04/11/16 13:02:42

Optimize a model with 97836 rows, 95100 columns and 282192 nonzeros
Coefficient statistics:
  Matrix range    [1e+00, 1e+00]
  Objective range [3e-02, 1e-01]
  Bounds range    [0e+00, 0e+00]
  RHS range       [1e+00, 2e+01]
Presolve removed 90638 rows and 67774 columns
Presolve time: 1.04s
Presolved: 7198 rows, 27326 columns, 74485 nonzeros
Variable types: 0 continuous, 27326 integer (950 binary)

Root relaxation: objective 6.876400e+03, 19140 iterations, 1.24 seconds

    Nodes    |    Current Node    |     Objective Bounds      |     Work
 Expl Unexpl |  Obj  Depth IntInf | Incumbent    BestBd   Gap | It/Node Time

*    0     0               0    6876.4000000 6876.40000  0.00%     -    3s

Explored 0 nodes (19985 simplex iterations) in 3.13 seconds
Thread count was 2 (of 4 available processors)

Optimal solution found (tolerance 1.00e-04)
Best objective 6.876400000000e+03, best bound 6.876400000000e+03, gap 0.0%
